<?xml version="1.0" encoding="UTF-8"?>
<!-- Generated by org.testng.reporters.JUnitReportReporter -->
<testsuite skipped="0" hostname="Supreeth" name="programTest.Sample1Test" tests="1" failures="0" timestamp="12 Oct 2020 08:44:19 GMT" time="0.010" errors="0">
  <testcase name="sample1Test" time="0.010" classname="programTest.Sample1Test"/>
</testsuite> <!-- programTest.Sample1Test -->
